<?xml version="1.0" encoding="UTF-8"?>
<testsuite name="com.telran.tests.test.CreateTeamFromSidebarTest" tests="1" skipped="0" failures="0" errors="0" timestamp="2019-08-06T11:36:30" hostname="solomiia" time="16.346">
  <properties/>
  <testcase name="createTeam" classname="com.telran.tests.test.CreateTeamFromSidebarTest" time="16.346"/>
  <system-out><![CDATA[4 : 5
]]></system-out>
  <system-err><![CDATA[]]></system-err>
</testsuite>
