<?xml version="1.0" encoding="UTF-8"?>
<testsuite name="com.telran.tests.test.CreateBoardFromHeaderTest" tests="1" skipped="0" failures="0" errors="0" timestamp="2019-08-06T11:36:46" hostname="solomiia" time="12.276">
  <properties/>
  <testcase name="boardCreationTestFromHeader" classname="com.telran.tests.test.CreateBoardFromHeaderTest" time="12.276"/>
  <system-out><![CDATA[15 : 16
]]></system-out>
  <system-err><![CDATA[]]></system-err>
</testsuite>
