<?xml version="1.0" encoding="UTF-8"?>
<testsuite name="com.telran.tests.test.CreateBoardFromHeaderTest" tests="1" skipped="1" failures="0" errors="0" timestamp="2019-08-08T08:45:02" hostname="solomiia" time="0.0">
  <properties/>
  <testcase name="boardCreationTestFromHeader" classname="com.telran.tests.test.CreateBoardFromHeaderTest" time="0.0">
    <skipped/>
  </testcase>
  <system-out><![CDATA[]]></system-out>
  <system-err><![CDATA[]]></system-err>
</testsuite>
